<<<<<<< HEAD
﻿[2020-05-01 19:57:48] qwqw: qwdddwqdx
[2020-05-01 19:57:49] qwqw: qwdddwqdx
[2020-05-01 19:57:50] qwqw: qwdddwqdx
[2020-05-01 19:57:50] qwqw: qwdddwqdx
[2020-05-01 19:57:50] qwqw: qwdddwqdx
[2020-05-01 19:57:50] qwqw: qwdddwqdx
[2020-05-01 19:57:50] qwqw: qwdddwqdx
[2020-05-01 19:57:51] qwqw: qwdddwqdx
[2020-05-01 19:57:51] qwqw: qwdddwqdx
[2020-05-01 19:58:24] qwqw: wqdqwd
[2020-05-01 19:58:37] qwqw: qwdascsc
=======
<<<<<<< HEAD
Игнат: qwefsvfs
Игнат: wdcsc
Игнат: wdefrgthygrfewds
Игнат: gfdsasasc 
Игнат: wqedvsfd
Игнат: edsfscda
Игнат очистил чат!sidq22: Слава украине!
sidq22: Жуо
sidq22: апапап
depozzyx: hi
depozzyx: ghjh
depozzyx: hjhj
depozzyx: hjhj
depozzyx: jhjhj
depozzyx: jhjhj
sidq22: папапап
sidq22: апап
sidq22: двывывы
sidq22: ыввывыв
sidq22: ывывыв
depozzyx: Привет
depozzyx: выв
depozzyx: ввывыв
depozzyx: ывыв
sidq22: fddfdfd
sidq22: dfdf
sidq22: fdfdfdf
sidq22: dfdf
=======
﻿
>>>>>>> 0cf71e057155c63957da899359269ccede9b880e
>>>>>>> 2b91d693cf7cf777071a1a47852116858757104a
