restylesidq(sidq): dsdsdsd<br>
depozzyx(depozzyx): Официально дискредитирую sidq<br>
restylesidq(sidq): официально дискридетирую депозуха<br>
restylesidq(sidq): вввввввввввввввввввввввввввввввввввввввввввввввввввввввввввввввввввввввввввввввввввввввввввввввввввввввввррррррррррррррррррррррррррррррррррррррррррррррррррррррррвввввввввввввввввввввввввввввввввввввввввввррррррррррррррррррррррррррррррррррррррррррррррввввввввввввввввввввввввввввввввввввввввввввввввврррррррррррррррррррррррррррррррррррррррррррррррррррррррррррррррвввввввввввввввввввв<br>
restylesidq(sidq): сукк<br>
restylesidq(sidq): гандор<br>
restylesidq(sidq): какашукаааааааааааааааааааааааааааааааааааааааа<br>
depozzyx(depozzyx): Бескультурщина<br>
depozzyx(depozzyx): Фууу<br>
depozzyx(depozzyx): Фуууу<br>
restylesidq(sidq): ты говно<br>
depozzyx(depozzyx): Уууу<br>
restylesidq(sidq): нет<br>
depozzyx(depozzyx): Сам такой<br>
restylesidq(sidq): гандон<br>
depozzyx(depozzyx): Я твой хейтер!!!!!!<br>
restylesidq(sidq): ghbdtn<br>
restylesidq(sidq): eqcqcq<br>
restylesidq(sidq): qwdqw<br>
restylesidq(sidq): Слава украине<br>
depozzyx(depozzyx): жьжьжь<br>
restylesidq(sidq): weceq<br>
depozzyx(depozzyx): Слава жителям Белоруси<br>
restylesidq(sidq): 111<br>
restylesidq(sidq): qacaqc<br>
restylesidq(sidq): sacasc<br> 
