restylesidq(DIMA): nonde<br> 
restylesidq(DIMA): oeoiweiqwc<br> 
jora228(jora228): wefwefgv<br> 
jora228(jora228): qwdqwdqwwd<br> 
jora228(jora228): qwdqwdqwd<br> 
jora228(jora228): aff<br> 
restylesidq(DIMA): savev<br> 
jora228(jora228): <br> 
jora228(jora228): <br> 
jora228(jora228): <br> 
restylesidq(DIMA): <br> 
restylesidq(DIMA): <br> 
restylesidq(DIMA): qwerde<br> 
restylesidq(DIMA): wqdecds<br> 
restylesidq(DIMA): wscdswcd<br> 
restylesidq(DIMA): qwdq<br> 
restylesidq(DIMA): dcdc aq<br> 
restylesidq(DIMA): SXs<br> 
restylesidq(DIMA): scscs<br> 
restylesidq(DIMA): xCA<br> 
restylesidq(DIMA): qw<br> 
restylesidq(DIMA): cqcqcqac<br> 
restylesidq(DIMA): cqcqcqac<br> 
restylesidq(DIMA): cqcqcqac<br> 
restylesidq(DIMA): cqcqcqac<br> 
restylesidq(DIMA): cqcqcqac<br> 
restylesidq(DIMA): cqcqcqac<br> 
restylesidq(DIMA): cqcqcqac<br> 
restylesidq(DIMA): cqcqcqac<br> 
restylesidq(DIMA): cqcqcqac<br> 
restylesidq(DIMA): cqcqcqac<br> 
restylesidq(DIMA): cqcqcqac<br> 
restylesidq(DIMA): cqcqcqac<br> 
restylesidq(DIMA): cqcqcqac<br> 
restylesidq(DIMA): cqcqcqac<br> 
restylesidq(DIMA): cqcqcqac<br> 
jora228(jora228): айцуаца<br> 
jora228(jora228): цукацукцук<br> 
restylesidq(DIMA): efewfewfwe<br> 
