[LOG] message sent: "ssd", message id: 1551, from: depozzyx [560399754]
[LOG] message sent: "Вероника", message id: 1552, from: depozzyx [560399754]
[LOG] message sent: "вероника", message id: 1553, from: depozzyx [560399754]
[LOG] message sent: "ddsd", message id: 1555, from: depozzyx [560399754]
[LOG] message sent: "Кто такая вероника?", message id: 1556, from: depozzyx [560399754]
[LOG] message sent: "dsds", message id: 1558, from: depozzyx [560399754]
[LOG] message sent: "Вероника", message id: 1560, from: depozzyx [560399754]
[LOG] message sent: "вероника", message id: 1562, from: depozzyx [560399754]
[LOG] message sent: "вероник", message id: 1564, from: depozzyx [560399754]
[LOG] message sent: "вероник", message id: 1566, from: depozzyx [560399754]
[LOG] message sent: "вероник", message id: 1568, from: depozzyx [560399754]
[LOG] message sent: "вероник", message id: 1571, from: depozzyx [560399754]
[LOG] message sent: "вероник", message id: 1573, from: depozzyx [560399754]
[LOG] message sent: "вероник", message id: 1575, from: depozzyx [560399754]
[LOG] message sent: "вероник", message id: 1577, from: depozzyx [560399754]
[LOG] message sent: "вероник", message id: 1579, from: depozzyx [560399754]
[LOG] message sent: "вероник
вероник", message id: 1581, from: depozzyx [560399754]
[LOG] message sent: "вероник", message id: 1583, from: depozzyx [560399754]
[LOG] message sent: "вероник", message id: 1585, from: depozzyx [560399754]
[LOG] message sent: "вероник", message id: 1587, from: depozzyx [560399754]
[LOG] message sent: "вероник", message id: 1589, from: depozzyx [560399754]
[LOG] message sent: "вероник", message id: 1591, from: depozzyx [560399754]
[LOG] message sent: "вероник", message id: 1593, from: depozzyx [560399754]
[LOG] message sent: "вероник", message id: 1595, from: depozzyx [560399754]
[LOG] message sent: "вероник", message id: 1597, from: depozzyx [560399754]
[LOG] message sent: "вероник", message id: 1599, from: depozzyx [560399754]
[LOG] message sent: "вероник", message id: 1601, from: depozzyx [560399754]
[LOG] message sent: "вероник", message id: 1603, from: depozzyx [560399754]
[LOG] message sent: "вероник", message id: 1605, from: depozzyx [560399754]
[LOG] message sent: "вероник", message id: 1608, from: depozzyx [560399754]
[LOG] message sent: "вероник", message id: 1610, from: depozzyx [560399754]
[LOG] message sent: "вероник", message id: 1612, from: depozzyx [560399754]
[LOG] message sent: "вероник", message id: 1614, from: depozzyx [560399754]
[LOG] message sent: "вероник", message id: 1616, from: depozzyx [560399754]
[LOG] message sent: "вероник", message id: 1619, from: depozzyx [560399754]
[LOG] message sent: "вероник", message id: 1621, from: depozzyx [560399754]
[LOG] message sent: "вероник", message id: 1622, from: depozzyx [560399754]
[LOG] message sent: "вероник", message id: 1623, from: depozzyx [560399754]
[LOG] message sent: "вероник", message id: 1624, from: depozzyx [560399754]
[LOG] message sent: "вероник", message id: 1625, from: depozzyx [560399754]
[LOG] message sent: "вероник", message id: 1626, from: depozzyx [560399754]
[LOG] message sent: "вероник", message id: 1627, from: depozzyx [560399754]
[LOG] message sent: "вероник", message id: 1628, from: depozzyx [560399754]
[LOG] message sent: "вероник", message id: 1629, from: depozzyx [560399754]
[LOG] message sent: "вероник", message id: 1630, from: depozzyx [560399754]
[LOG] message sent: "вероник", message id: 1631, from: depozzyx [560399754]
[LOG] message sent: "верониквероник", message id: 1632, from: depozzyx [560399754]
[LOG] message sent: "вероник", message id: 1633, from: depozzyx [560399754]
[LOG] message sent: "вероник", message id: 1634, from: depozzyx [560399754]
[LOG] message sent: "вероник", message id: 1635, from: depozzyx [560399754]
[LOG] message sent: "вероник", message id: 1637, from: depozzyx [560399754]
[LOG] message sent: "вероник", message id: 1638, from: depozzyx [560399754]
[LOG] message sent: "вероник", message id: 1639, from: depozzyx [560399754]
[LOG] message sent: "вероник", message id: 1640, from: depozzyx [560399754]
[LOG] message sent: "вероник", message id: 1642, from: depozzyx [560399754]
[LOG] message sent: "вероник", message id: 1643, from: depozzyx [560399754]
[LOG] message sent: "вероник
вероник
вероник", message id: 1644, from: depozzyx [560399754]
[LOG] message sent: "вероник
вероник", message id: 1645, from: depozzyx [560399754]
[LOG] message sent: "вероник", message id: 1647, from: depozzyx [560399754]
[LOG] message sent: "dsd", message id: 1648, from: depozzyx [560399754]
[LOG] message sent: "Ььв", message id: 1649, from: Стас [897887830]
[LOG] message sent: "kj", message id: 1650, from: depozzyx [560399754]
[LOG] message sent: "dsds", message id: 1651, from: depozzyx [560399754]
[LOG] message sent: "sasa", message id: 1652, from: depozzyx [560399754]
[LOG] message sent: "dsds", message id: 1653, from: depozzyx [560399754]
[LOG] message sent: "Ьвлв", message id: 1654, from: Стас [897887830]
[LOG] message sent: "ывы", message id: 1655, from: depozzyx [560399754]
[LOG] message sent: "авав", message id: 1656, from: depozzyx [560399754]
[LOG] message sent: "вероник", message id: 1657, from: depozzyx [560399754]
[LOG] message sent: "вероник", message id: 1659, from: depozzyx [560399754]
[LOG] message sent: "вероник", message id: 1660, from: depozzyx [560399754]
[LOG] Running...
[LOG] Running...
[LOG] Running...
[LOG] Running...
[DEBUG] last вероника triggered time: 1583177682, now: 1583177682
[LOG] message sent: "Вероник", message id: 1664, from: depozzyx [560399754]
[DEBUG] last вероника triggered time: 1583177742, now: 1583177688
[LOG] message sent: "вывы", message id: 1666, from: depozzyx [560399754]
[DEBUG] last вероника triggered time: 1583177742, now: 1583177691
[LOG] message sent: "Вероник", message id: 1667, from: depozzyx [560399754]
[LOG] Running...
[LOG] Running...
[DEBUG] next possible вероника trigger time: 1583257358, now: 1583257358
[LOG] message sent: "/yell", message id: 9229, from: Дима™ [506563771]
[LOG] Running...
[LOG] Running...
[LOG] Running...
[DEBUG] next possible вероника trigger time: 1583261940, now: 1583261940
[LOG] message sent: "вероник", message id: 1668, from: depozzyx [560399754]
[DEBUG] next possible вероника trigger time: 1583262001, now: 1583261989
[LOG] message sent: "Это не та", message id: 9230, from: depozzyx [560399754]
[LOG] message sent: "Жаль", message id: 9231, from: Дима™ [506563771]
[DEBUG] next possible вероника trigger time: 1583262001, now: 1583261989
[DEBUG] next possible вероника trigger time: 1583262001, now: 1583261989
[LOG] message sent: "Делает базу юзеров", message id: 9233, from: depozzyx [560399754]
[DEBUG] next possible вероника trigger time: 1583262001, now: 1583261989
[DEBUG] next possible вероника trigger time: 1583262001, now: 1583261989
[LOG] message sent: "С твоей системой при чем", message id: 9235, from: depozzyx [560399754]
[LOG] message sent: "Аа", message id: 9234, from: Дима™ [506563771]
[DEBUG] next possible вероника trigger time: 1583262001, now: 1583261989
[DEBUG] next possible вероника trigger time: 1583262001, now: 1583261989
[LOG] message sent: "Оо", message id: 9236, from: Дима™ [506563771]
[LOG] message sent: "Мило", message id: 9237, from: Дима™ [506563771]
[DEBUG] next possible вероника trigger time: 1583262001, now: 1583261989
[DEBUG] next possible вероника trigger time: 1583262001, now: 1583261989
[LOG] message sent: "И как, работает?", message id: 9239, from: Дима™ [506563771]
[LOG] message sent: "Мне просто было твою удобнее подключить и все", message id: 9238, from: depozzyx [560399754]
[DEBUG] next possible вероника trigger time: 1583262001, now: 1583261989
[LOG] message sent: "Типо", message id: 9240, from: depozzyx [560399754]
[DEBUG] next possible вероника trigger time: 1583262001, now: 1583261989
[LOG] message sent: "Кто-то сделал историю?", message id: 9241, from: Цезарь [630180126]
[LOG] message sent: "Что по истории", message id: 9242, from: Valya_Pylypenko [405587651]
[DEBUG] next possible вероника trigger time: 1583262001, now: 1583261989
[DEBUG] next possible вероника trigger time: 1583262001, now: 1583261989
[LOG] message sent: "Написать об повседневной жизни жителя посёлка и города", message id: 9243, from: Осознанный Наркотик [710833005]
[LOG] message sent: "Вроде", message id: 9244, from: Осознанный Наркотик [710833005]
[DEBUG] next possible вероника trigger time: 1583262001, now: 1583261989
[LOG] message sent: "Параграф какой", message id: 9245, from: Valya_Pylypenko [405587651]
[DEBUG] next possible вероника trigger time: 1583262001, now: 1583262070
[LOG] message sent: "Не знаю", message id: 9246, from: Осознанный Наркотик [710833005]
[DEBUG] next possible вероника trigger time: 1583262001, now: 1583262075
[LOG] message sent: "15", message id: 9247, from: Цезарь [630180126]
[DEBUG] next possible вероника trigger time: 1583262001, now: 1583263474
[LOG] message sent: "Что по физике?", message id: 9248, from: Ксюша [892520509]
[DEBUG] next possible вероника trigger time: 1583262001, now: 1583263613
[LOG] message sent: "походу ничего", message id: 9249, from: Цезарь [630180126]
[DEBUG] next possible вероника trigger time: 1583262001, now: 1583263626
[LOG] message sent: "у нас ср была", message id: 9250, from: Цезарь [630180126]
[DEBUG] next possible вероника trigger time: 1583262001, now: 1583263631
[LOG] message sent: "Спасибо", message id: 9251, from: Ксюша [892520509]
[LOG] Running...
[DEBUG] next possible вероника trigger time: 1583435298, now: 1583435298
[LOG] message sent: "30 задание", message id: 9360, from: Ксюша [892520509]
[DEBUG] next possible вероника trigger time: 1583435298, now: 1583435315
[LOG] message sent: "Я ещё три дня назад в Вайбер скидывала", message id: 9361, from: Ксюша [892520509]
[DEBUG] next possible вероника trigger time: 1583435298, now: 1583435560
[LOG] message sent: "Бля", message id: 9362, from: Цезарь [630180126]
[DEBUG] next possible вероника trigger time: 1583435298, now: 1583435567
[LOG] message sent: "Чего так много", message id: 9363, from: Цезарь [630180126]
[LOG] Running...
[LOG] Running...
[LOG] Running...
[LOG] Running...
[LOG] message sent: "выв", message id: 1692, from: depozzyx [560399754]
[LOG] message sent: "ывыв", message id: 1694, from: depozzyx [560399754]
[LOG] message sent: "аава", message id: 1697, from: depozzyx [560399754]
[LOG] message sent: "аваа", message id: 1699, from: depozzyx [560399754]
[LOG] message sent: "ывыв", message id: 1701, from: depozzyx [560399754]
[LOG] message sent: "вава", message id: 1703, from: depozzyx [560399754]
[LOG] message sent: "рор", message id: 1705, from: depozzyx [560399754]
[LOG] message sent: "вывв", message id: 1707, from: depozzyx [560399754]
[LOG] message sent: "выв", message id: 1709, from: depozzyx [560399754]
[LOG] message sent: "Печально", message id: 1711, from: depozzyx [560399754]
[LOG] message sent: "Очень", message id: 1713, from: depozzyx [560399754]
[LOG] message sent: "Я знаю", message id: 1715, from: depozzyx [560399754]
[LOG] message sent: "Иди нахуй", message id: 1717, from: depozzyx [560399754]
[LOG] message sent: "аав", message id: 1719, from: depozzyx [560399754]
[LOG] message sent: "орр", message id: 1721, from: depozzyx [560399754]
[LOG] message sent: "ава", message id: 1723, from: depozzyx [560399754]
[LOG] Running...
[LOG] message sent: "dsd", message id: -1001437362015, from: depozzyx [560399754]
[LOG] message sent: "dfdf", message id: -1001437362015, from: depozzyx [560399754]
[LOG] Running...
[LOG] Running...
[LOG] message sent: "dsds", message id: 1730, from: depozzyx [560399754]
[LOG] message sent: "dsds", message id: 1732, from: depozzyx [560399754]
[LOG] Running...
[LOG] message sent: "выв", message id: 1734, from: depozzyx [560399754]
[LOG] message sent: "выв", message id: 1736, from: depozzyx [560399754]
[LOG] message sent: "выв", message id: 1738, from: depozzyx [560399754]
[LOG] message sent: "ывыв", message id: 1740, from: depozzyx [560399754]
[LOG] message sent: "ывыв", message id: 1742, from: depozzyx [560399754]
[LOG] message sent: "вывы", message id: 1744, from: depozzyx [560399754]
[LOG] message sent: "выыв", message id: 1746, from: depozzyx [560399754]
[LOG] message sent: "ывыв", message id: 1748, from: depozzyx [560399754]
[LOG] message sent: "вывы", message id: 1750, from: depozzyx [560399754]
[LOG] message sent: "ывыв", message id: 1752, from: depozzyx [560399754]
[LOG] message sent: "ывыв", message id: 1754, from: depozzyx [560399754]
[LOG] Running...
[LOG] message sent: "вывы", message id: 1756, from: depozzyx [560399754]
[LOG] Running...
[LOG] message sent: "dsd", message id: 1758, from: depozzyx [560399754]
[LOG] message sent: "dsd", message id: 1760, from: depozzyx [560399754]
[LOG] message sent: "dsd", message id: 1762, from: depozzyx [560399754]
[LOG] message sent: "sdsd", message id: 1764, from: depozzyx [560399754]
[LOG] message sent: "sdsd", message id: 1766, from: depozzyx [560399754]
[LOG] message sent: "sdsd", message id: 1768, from: depozzyx [560399754]
[LOG] message sent: "sds", message id: 1770, from: depozzyx [560399754]
[LOG] message sent: "sdsdd", message id: 1772, from: depozzyx [560399754]
[LOG] message sent: "dsdsd", message id: 1774, from: depozzyx [560399754]
[LOG] Running...
[LOG] message sent: "dsd", message id: 1776, from: depozzyx [560399754]
[LOG] message sent: "ds", message id: 1778, from: depozzyx [560399754]
[LOG] message sent: "sds", message id: 1780, from: depozzyx [560399754]
[LOG] message sent: "dsd", message id: 1782, from: depozzyx [560399754]
[LOG] Running...
[LOG] message sent: "dsd", message id: 1784, from: depozzyx [560399754]
[LOG] message sent: "dsdsd", message id: 1786, from: depozzyx [560399754]
[LOG] message sent: "dsdsd", message id: 1788, from: depozzyx [560399754]
[LOG] Running...
[LOG] message sent: "sdsd", message id: 1791, from: depozzyx [560399754]
[LOG] message sent: "sdsd", message id: 1790, from: depozzyx [560399754]
[LOG] message sent: "sdsd", message id: 1794, from: depozzyx [560399754]
[LOG] message sent: "sdsd", message id: 1796, from: depozzyx [560399754]
[LOG] message sent: "sdsd", message id: 1798, from: depozzyx [560399754]
[LOG] Running...
[LOG] Running...
[LOG] message sent: "выв", message id: 1800, from: depozzyx [560399754]
[LOG] message sent: "выв", message id: 1802, from: depozzyx [560399754]
[LOG] message sent: "пп", message id: 1804, from: depozzyx [560399754]
[LOG] Running...
[LOG] message sent: "dsds", message id: 1806, from: depozzyx [560399754]
[LOG] message sent: "sdsd", message id: 1808, from: depozzyx [560399754]
[LOG] Running...
[LOG] message sent: "dsd", message id: 1810, from: depozzyx [560399754]
[LOG] message sent: "cds", message id: 1812, from: depozzyx [560399754]
[LOG] Running...
[LOG] message sent: "dsd", message id: 1814, from: depozzyx [560399754]
[LOG] message sent: "dsd", message id: 1816, from: depozzyx [560399754]
[LOG] message sent: "dsds", message id: 1818, from: depozzyx [560399754]
[LOG] message sent: "dsdsd", message id: 1820, from: depozzyx [560399754]
[LOG] message sent: "sdsd", message id: 1822, from: depozzyx [560399754]
[LOG] message sent: "ddd", message id: 1824, from: depozzyx [560399754]
[LOG] message sent: "Евгений Онегин", message id: 9366, from: SASHA [511255720]
[LOG] Running...
[LOG] message sent: "Это Пушкин", message id: 9367, from: SASHA [511255720]
[LOG] message sent: "Письмо Татьяны", message id: 9368, from: SASHA [511255720]
[LOG] message sent: "Или Онегина", message id: 9369, from: SASHA [511255720]
[LOG] message sent: "dsds", message id: 1826, from: depozzyx [560399754]
[LOG] message sent: "fdd", message id: 1828, from: depozzyx [560399754]
[LOG] message sent: "На выбор", message id: 9370, from: SASHA [511255720]
[LOG] message sent: "fdfd", message id: 1830, from: depozzyx [560399754]
[LOG] message sent: "hh", message id: 1832, from: depozzyx [560399754]
[LOG] Running...
[LOG] message sent: "fdf", message id: 1836, from: depozzyx [560399754]
[LOG] message sent: "fdsd", message id: 1834, from: depozzyx [560399754]
[LOG] message sent: "fdd", message id: 1837, from: depozzyx [560399754]
[LOG] message sent: "dsds", message id: 1841, from: depozzyx [560399754]
[LOG] message sent: "sd", message id: 1843, from: depozzyx [560399754]
[LOG] Running...
[LOG] message sent: "вывы", message id: 1845, from: depozzyx [560399754]
[LOG] message sent: "вывы", message id: 1847, from: depozzyx [560399754]
[LOG] message sent: "ввыв", message id: 1849, from: depozzyx [560399754]
[LOG] message sent: "вывыв", message id: 1851, from: depozzyx [560399754]
[LOG] message sent: "выыв", message id: 1853, from: depozzyx [560399754]
[LOG] message sent: "авава", message id: 1855, from: depozzyx [560399754]
[LOG] message sent: "выывв", message id: 1857, from: depozzyx [560399754]
[LOG] message sent: "вывыв", message id: 1859, from: depozzyx [560399754]
[LOG] message sent: "ывыв", message id: 1861, from: depozzyx [560399754]
[LOG] message sent: "Хахха", message id: 9372, from: Дима™ [506563771]
[LOG] Running...
[LOG] message sent: "Контрольная робота з географии по параграфам с 21 -33", message id: 9385, from: Dimas [753343365]
[LOG] message sent: "hh", message id: 1864, from: depozzyx [560399754]
[LOG] message sent: "kk", message id: 1866, from: depozzyx [560399754]
[LOG] message sent: "dsd", message id: 1868, from: depozzyx [560399754]
[LOG] Running...
[LOG] message sent: "dsds", message id: 1870, from: depozzyx [560399754]
[LOG] message sent: "dsdsd", message id: 1872, from: depozzyx [560399754]
[LOG] message sent: "ывыв", message id: 1874, from: depozzyx [560399754]
[LOG] Running...
[LOG] message sent: "авав", message id: 1876, from: depozzyx [560399754]
[LOG] message sent: "вывсы", message id: 1878, from: depozzyx [560399754]
[LOG] Running...
[LOG] Running...
[LOG] message sent: "dsd", message id: 1881, from: depozzyx [560399754]
[LOG] message sent: "dsd", message id: 1883, from: depozzyx [560399754]
[LOG] message sent: "dsd", message id: 1885, from: depozzyx [560399754]
[LOG] message sent: "sdsd", message id: 1887, from: depozzyx [560399754]
[LOG] message sent: "sdsd", message id: 1889, from: depozzyx [560399754]
[LOG] Running...
[LOG] message sent: "Завтра нулевого не будет", message id: 9387, from: Ксюша [892520509]
[LOG] message sent: "Стас первый раз собирался пойти", message id: 9388, from: Коля [397893030]
[LOG] message sent: "Хахахахах", message id: 9390, from: Коля [397893030]
0]
[LOG] message sent: "Хах", message id: 9391, from: Цезарь [630180126]
[LOG] message sent: "Да я иду", message id: 9392, from: Стас [897887830]
[LOG] message sent: "Стас пидор", message id: 9393, from: Коля [397893030]
[LOG] Running...
[LOG] Running...
[LOG] message sent: "/add_word", message id: 1891, from: depozzyx [560399754]
[LOG] message sent: "/add_word", message id: 1893, from: depozzyx [560399754]
[LOG] Running...
[LOG] Running...
[LOG] message sent: "ds", message id: 1895, from: depozzyx [560399754]
[LOG] message sent: "/add_word", message id: 1897, from: depozzyx [560399754]
[LOG] Running...
[LOG] message sent: "/add_word", message id: 1899, from: depozzyx [560399754]
[LOG] Running...
[LOG] /add_word executed, Executor: depozzyx
[LOG] Running...
[LOG] message sent: "Сущ.", message id: 1903, from: depozzyx [560399754]
[LOG] Running...
[LOG] /add_word executed, Executor: depozzyx
[LOG] Running...
[LOG] /add_word executed, Executor: depozzyx
[LOG] message sent: "Глаг.", message id: 1908, from: depozzyx [560399754]
[LOG] message sent: "Глаг.", message id: 1910, from: depozzyx [560399754]
[LOG] message sent: "Глаг.", message id: 1912, from: depozzyx [560399754]
[LOG] message sent: "Глаг.", message id: 1915, from: depozzyx [560399754]
[LOG] message sent: "Глаг.", message id: 1913, from: depozzyx [560399754]
[LOG] message sent: "Глаг.", message id: 1916, from: depozzyx [560399754]
[LOG] message sent: "Глаг.", message id: 1920, from: depozzyx [560399754]
[LOG] message sent: "Глаг.", message id: 1922, from: depozzyx [560399754]
[LOG] message sent: "Глаг.", message id: 1924, from: depozzyx [560399754]
[LOG] message sent: "Глаг.", message id: 1926, from: depozzyx [560399754]
[LOG] message sent: "Глаг.", message id: 1927, from: depozzyx [560399754]
[LOG] message sent: "Глаг.", message id: 1929, from: depozzyx [560399754]
[LOG] /add_word executed, Executor: depozzyx
[LOG] /add_word executed, Executor: depozzyx
[LOG] message sent: "/yell@depozzux_sux_bot", message id: 1936, from: depozzyx [560399754]
[LOG] /add_word executed, Executor: depozzyx
[LOG] /add_word executed, Executor: depozzyx
[LOG] /add_word executed, Executor: depozzyx
[LOG] message sent: "Существительное", message id: 1944, from: depozzyx [560399754]
[LOG] message sent: "Существительное", message id: 1945, from: depozzyx [560399754]
[LOG] message sent: "Существительное", message id: 1948, from: depozzyx [560399754]
[LOG] message sent: "Существительное", message id: 1950, from: depozzyx [560399754]
[LOG] message sent: "Существительное", message id: 1952, from: depozzyx [560399754]
[LOG] message sent: "Существительное", message id: 1953, from: depozzyx [560399754]
[LOG] message sent: "Прилагательное", message id: 1956, from: depozzyx [560399754]
[LOG] message sent: "Глагол", message id: 1958, from: depozzyx [560399754]
[LOG] message sent: "Наречие", message id: 1960, from: depozzyx [560399754]
[LOG] Running...
[LOG] Running...
[LOG] Running...
[LOG] /add_word executed, Executor: depozzyx
[LOG] /add_word executed, Executor: depozzyx
[LOG] Running...
[LOG] message sent: "dsd", message id: 1993, from: depozzyx [560399754]
[LOG] message sent: "Что пр биологии", message id: 9394, from: Valya_Pylypenko [405587651]
[LOG] message sent: "??", message id: 9395, from: Valya_Pylypenko [405587651]
